<?xml version="1.0" encoding="UTF-8"?>
<!-- Generated by org.testng.reporters.JUnitReportReporter -->
<testsuite hostname="MSI" failures="0" tests="8" name="BankAccountTest" time="0.008" errors="0" timestamp="2024-06-13T19:26:07 ICT" skipped="0">
  <testcase classname="BankAccountTest" name="testWithdrawExceedingOverdraft" time="0.000"/>
  <system-out/>
  <testcase classname="BankAccountTest" name="testWithdrawMoreThanBalance" time="0.000"/>
  <system-out/>
  <testcase classname="BankAccountTest" name="testAddInterest" time="0.003"/>
  <system-out/>
  <testcase classname="BankAccountTest" name="testTransactionHistory" time="0.000"/>
  <system-out/>
  <testcase classname="BankAccountTest" name="testOverdraft" time="0.000"/>
  <system-out/>
  <testcase classname="BankAccountTest" name="testDeposit" time="0.005"/>
  <system-out/>
  <testcase classname="BankAccountTest" name="testWithdraw" time="0.000"/>
  <system-out/>
  <testcase classname="BankAccountTest" name="testInitialBalance" time="0.000"/>
  <system-out/>
</testsuite> <!-- BankAccountTest -->
